<?xml version="1.0" encoding="UTF-8"?>
<testsuite name="Scenario: User calls a rest endpoint to get Details about an equipment according to given equipment_id" tests="8" skipped="0" failures="2" errors="0" timestamp="2018-09-20T09:32:56" hostname="bahy-HP-255-G2-Notebook-PC" time="0.123">
  <properties/>
  <testcase name="When user authenticate with password &quot;test&quot;" classname="Scenario: User calls a rest endpoint to get Details about an equipment according to given equipment_id" time="0.002"/>
  <testcase name="Then the response status code should be 200" classname="Scenario: User calls a rest endpoint to get Details about an equipment according to given equipment_id" time="0.001"/>
  <testcase name="Given the following equipments" classname="Scenario: User calls a rest endpoint to get Details about an equipment according to given equipment_id" time="0.002"/>
  <testcase name="When user sends GET request to endpoint /equipment/22Y5090 with content-type application/json and empty headers" classname="Scenario: User calls a rest endpoint to get Details about an equipment according to given equipment_id" time="0.001"/>
  <testcase name="Then the response status code should be 200" classname="Scenario: User calls a rest endpoint to get Details about an equipment according to given equipment_id" time="0.0"/>
  <testcase name="And the json response has &quot;equipment&quot; object" classname="Scenario: User calls a rest endpoint to get Details about an equipment according to given equipment_id" time="0.001"/>
  <testcase name="And the json response of the &quot;equipment&quot; should be like that" classname="Scenario: User calls a rest endpoint to get Details about an equipment according to given equipment_id" time="0.005">
    <failure message="java.lang.AssertionError: Node is null!" type="java.lang.AssertionError">java.lang.AssertionError: Node is null!
	at org.junit.Assert.fail(Assert.java:88)
	at org.junit.Assert.assertTrue(Assert.java:41)
	at org.junit.Assert.assertNotNull(Assert.java:712)
	at memphis.StepDefination.equipmentStepDefination.lambda$iShouldSeeJsonResponseWithTheFollowingKeysAndValues$1(equipmentStepDefination.java:159)
	at java.util.LinkedHashMap.forEach(LinkedHashMap.java:676)
	at java.util.Collections$UnmodifiableMap.forEach(Collections.java:1505)
	at memphis.StepDefination.equipmentStepDefination.iShouldSeeJsonResponseWithTheFollowingKeysAndValues(equipmentStepDefination.java:157)
	at ✽.And the json response of the &quot;equipment&quot; should be like that(equipment.feature:36)
</failure>
  </testcase>
  <testcase name="classMethod" classname="Scenario: User calls a rest endpoint to get Details about an equipment according to given equipment_id" time="0.223">
    <failure message="java.lang.AssertionError: Node is null!" type="java.lang.AssertionError">java.lang.AssertionError: Node is null!
	at org.junit.Assert.fail(Assert.java:88)
	at org.junit.Assert.assertTrue(Assert.java:41)
	at org.junit.Assert.assertNotNull(Assert.java:712)
	at memphis.StepDefination.equipmentStepDefination.lambda$iShouldSeeJsonResponseWithTheFollowingKeysAndValues$1(equipmentStepDefination.java:159)
	at java.util.LinkedHashMap.forEach(LinkedHashMap.java:676)
	at java.util.Collections$UnmodifiableMap.forEach(Collections.java:1505)
	at memphis.StepDefination.equipmentStepDefination.iShouldSeeJsonResponseWithTheFollowingKeysAndValues(equipmentStepDefination.java:157)
	at ✽.And the json response of the &quot;equipment&quot; should be like that(equipment.feature:36)
</failure>
  </testcase>
  <system-out><![CDATA[?[2m2018-09-20 11:32:55.956?[0;39m ?[32m INFO?[0;39m ?[35m6103?[0;39m ?[2m---?[0;39m ?[2m[    Test worker]?[0;39m ?[36mo.s.t.c.support.AbstractContextLoader   ?[0;39m ?[2m:?[0;39m Could not detect default resource locations for test class [memphis.AbstractIntegrationTest]: no resource found for suffixes {-context.xml, Context.groovy}.
?[2m2018-09-20 11:32:55.987?[0;39m ?[32m INFO?[0;39m ?[35m6103?[0;39m ?[2m---?[0;39m ?[2m[    Test worker]?[0;39m ?[36m.b.t.c.SpringBootTestContextBootstrapper?[0;39m ?[2m:?[0;39m Loaded default TestExecutionListener class names from location [META-INF/spring.factories]: [org.springframework.boot.test.autoconfigure.restdocs.RestDocsTestExecutionListener, org.springframework.boot.test.autoconfigure.web.client.MockRestServiceServerResetTestExecutionListener, org.springframework.boot.test.autoconfigure.web.servlet.MockMvcPrintOnlyOnFailureTestExecutionListener, org.springframework.boot.test.autoconfigure.web.servlet.WebDriverTestExecutionListener, org.springframework.boot.test.mock.mockito.MockitoTestExecutionListener, org.springframework.boot.test.mock.mockito.ResetMocksTestExecutionListener, org.springframework.test.context.web.ServletTestExecutionListener, org.springframework.test.context.support.DirtiesContextBeforeModesTestExecutionListener, org.springframework.test.context.support.DependencyInjectionTestExecutionListener, org.springframework.test.context.support.DirtiesContextTestExecutionListener, org.springframework.test.context.transaction.TransactionalTestExecutionListener, org.springframework.test.context.jdbc.SqlScriptsTestExecutionListener]
?[2m2018-09-20 11:32:55.989?[0;39m ?[32m INFO?[0;39m ?[35m6103?[0;39m ?[2m---?[0;39m ?[2m[    Test worker]?[0;39m ?[36m.b.t.c.SpringBootTestContextBootstrapper?[0;39m ?[2m:?[0;39m Using TestExecutionListeners: [org.springframework.test.context.web.ServletTestExecutionListener@1836123, org.springframework.test.context.support.DirtiesContextBeforeModesTestExecutionListener@535a7b06, org.springframework.boot.test.mock.mockito.MockitoTestExecutionListener@3463f7e8, org.springframework.boot.test.autoconfigure.SpringBootDependencyInjectionTestExecutionListener@46001c22, org.springframework.test.context.support.DirtiesContextTestExecutionListener@5c10e7b8, org.springframework.test.context.transaction.TransactionalTestExecutionListener@5c123577, org.springframework.test.context.jdbc.SqlScriptsTestExecutionListener@77e555aa, org.springframework.boot.test.autoconfigure.restdocs.RestDocsTestExecutionListener@3142b678, org.springframework.boot.test.autoconfigure.web.client.MockRestServiceServerResetTestExecutionListener@6a34bacf, org.springframework.boot.test.autoconfigure.web.servlet.MockMvcPrintOnlyOnFailureTestExecutionListener@27408373, org.springframework.boot.test.autoconfigure.web.servlet.WebDriverTestExecutionListener@7a55da34, org.springframework.boot.test.mock.mockito.ResetMocksTestExecutionListener@5e804270]
?[2m2018-09-20 11:32:55.991?[0;39m ?[32m INFO?[0;39m ?[35m6103?[0;39m ?[2m---?[0;39m ?[2m[    Test worker]?[0;39m ?[36mo.s.b.f.s.DefaultListableBeanFactory    ?[0;39m ?[2m:?[0;39m Replacing scope 'cucumber-glue' from [cucumber.runtime.java.spring.GlueCodeScope@18f4204b] to [cucumber.runtime.java.spring.GlueCodeScope@11ad79ad]
before implementation
Hibernate: select equipment0_.equipment_id as equipmen1_0_, equipment0_.actuator as actuator2_0_, equipment0_.postioner as postione3_0_, equipment0_.sensor as sensor4_0_, equipment0_.valve as valve5_0_ from equipment equipment0_
Hibernate: delete from equipment where equipment_id=?
Hibernate: delete from equipment where equipment_id=?
]]></system-out>
  <system-err><![CDATA[]]></system-err>
</testsuite>
